<?xml version="1.0" encoding="UTF-8"?>
<coverage generated="1605311749018" clover="3.2.0">
  <project timestamp="1605311749019" name="All files">
    <metrics statements="18" coveredstatements="18" conditionals="0" coveredconditionals="0" methods="15" coveredmethods="15" elements="33" coveredelements="33" complexity="0" loc="18" ncloc="18" packages="1" files="1" classes="1"/>
    <file name="ageConversions.js" path="/Users/STRAND/Desktop/planet-lifespan/src/js/ageConversions.js">
      <metrics statements="18" coveredstatements="18" conditionals="0" coveredconditionals="0" methods="15" coveredmethods="15"/>
      <line num="3" count="240" type="stmt"/>
      <line num="4" count="240" type="stmt"/>
      <line num="5" count="240" type="stmt"/>
      <line num="6" count="240" type="stmt"/>
      <line num="10" count="1" type="stmt"/>
      <line num="14" count="1" type="stmt"/>
      <line num="18" count="1" type="stmt"/>
      <line num="22" count="1" type="stmt"/>
      <line num="26" count="1" type="stmt"/>
      <line num="30" count="1" type="stmt"/>
      <line num="34" count="1" type="stmt"/>
      <line num="38" count="1" type="stmt"/>
      <line num="42" count="1" type="stmt"/>
      <line num="46" count="1" type="stmt"/>
      <line num="50" count="1" type="stmt"/>
      <line num="54" count="1" type="stmt"/>
      <line num="58" count="1" type="stmt"/>
      <line num="62" count="1" type="stmt"/>
    </file>
  </project>
</coverage>
